1 27 35 136
2 75 95 129
3 66 150 319
4 45 85 115
5 125 204 369
6 421 585 662
7 504 551 677
8 50 124 159
9 114 481 549
10 37 215 244
11 38 42 245
12 189 393 418
13 126 310 367
14 332 519 605
15 340 579 620
16 9 157 186
17 56 107 141
18 231 242 260
19 151 153 1096
20 41 62 168
21 255 267 365
22 49 119 156
23 64 344 385
24 144 235 339
25 187 240 349
26 147 185 214
27 298 328 577
28 196 361 636
29 16 86 93
30 19 311 357
31 23 122 229
32 26 146 201
33 127 135 237
34 55 83 117
35 76 169 230
36 36 53 170
37 176 759 840
38 178 226 411
39 12 335 409
40 58 228 256
41 59 173 227
42 160 783 1330
43 155 306 353
44 3 134 223
45 54 104 162
46 199 275 315
47 105 612 642
48 116 250 552
49 154 236 271
50 248 279 292
51 382 436 511
52 101 484 516
53 44 65 152
54 67 102 351
55 32 329 483
56 11 167 499
57 165 182 191
58 15 34 171
59 164 304 326
60 0 0 0
1 446 639 941
2 239 341 544
3 220 314 424
4 8 192 272
5 25 70 588
6 1 342 698
7 52 89 219
8 33 120 388
9 73 414 489
10 246 290 318
11 71 217 222
12 286 293 378
13 47 175 317
14 262 491 557
15 14 277 561
16 123 139 459
17 106 118 121
18 103 374 390
19 6 22 29
20 20 24 184
21 57 94 259
22 78 111 142
23 80 312 454
24 18 181 209
25 21 61 330
26 5 17 68
27 2 69 99
28 28 60 74
29 252 282 445
30 90 132 567
31 10 112 254
32 732 888 1046
33 149 846 893
34 43 490 540
35 30 87 190
36 31 130 163
37 402 440 550
38 13 211 415
39 432 500 717
40 79 179 521
41 46 91 113
42 100 140 145
43 63 180 269
44 51 307 547
45 280 297 337
46 96 323 413
47 288 302 347
48 108 110 128
49 39 72 92
50 148 278 294
51 40 77 109
52 4 131 338
53 7 166 210
54 48 264 362
55 84 247 574
56 81 97 195
57 98 208 274
58 82 232 287
59 88 678 712
60 0 0 0
